2026-04-29 21:56:39 [warn]: MongoDB disconnected
2026-04-29 22:33:27 [warn]: MongoDB disconnected
2026-04-29 22:42:45 [warn]: MongoDB disconnected
2026-04-29 22:42:45 [error]: ❌  MongoDB connection failed: connect ECONNREFUSED ::1:27017, connect ECONNREFUSED 127.0.0.1:27017
2026-04-29 22:42:45 [warn]: ⚠️  Continuing in LIMITED MODE (Database operations will fail)
2026-04-29 22:42:45 [info]: 🚀  Server running on port 5000 [development]
2026-04-29 22:48:52 [error]: [POST] /api/auth/login → MongooseError: Operation `users.findOne()` buffering timed out after 10000ms
    at Timeout.<anonymous> (C:\Users\USER\Desktop\افكار مشاريع AI\Studen Managment\Study-system\backend\node_modules\mongoose\lib\drivers\node-mongodb-native\collection.js:187:23)
    at listOnTimeout (node:internal/timers:605:17)
    at process.processTimers (node:internal/timers:541:7)
2026-04-29 22:49:40 [error]: [POST] /api/auth/login → MongooseError: Operation `users.findOne()` buffering timed out after 10000ms
    at Timeout.<anonymous> (C:\Users\USER\Desktop\افكار مشاريع AI\Studen Managment\Study-system\backend\node_modules\mongoose\lib\drivers\node-mongodb-native\collection.js:187:23)
    at listOnTimeout (node:internal/timers:605:17)
    at process.processTimers (node:internal/timers:541:7)
2026-04-29 22:50:01 [error]: [POST] /api/auth/login → MongooseError: Operation `users.findOne()` buffering timed out after 10000ms
    at Timeout.<anonymous> (C:\Users\USER\Desktop\افكار مشاريع AI\Studen Managment\Study-system\backend\node_modules\mongoose\lib\drivers\node-mongodb-native\collection.js:187:23)
    at listOnTimeout (node:internal/timers:605:17)
    at process.processTimers (node:internal/timers:541:7)
2026-04-29 22:50:18 [error]: [POST] /api/auth/login → MongooseError: Operation `users.findOne()` buffering timed out after 10000ms
    at Timeout.<anonymous> (C:\Users\USER\Desktop\افكار مشاريع AI\Studen Managment\Study-system\backend\node_modules\mongoose\lib\drivers\node-mongodb-native\collection.js:187:23)
    at listOnTimeout (node:internal/timers:605:17)
    at process.processTimers (node:internal/timers:541:7)
2026-04-30 16:24:35 [warn]: MongoDB disconnected
2026-04-30 16:24:35 [error]: ❌  MongoDB connection failed: connect ECONNREFUSED ::1:27017, connect ECONNREFUSED 127.0.0.1:27017
2026-04-30 16:24:35 [warn]: ⚠️  Continuing in LIMITED MODE (Database operations will fail)
2026-04-30 16:24:35 [info]: 🚀  Server running on port 5000 [development]
2026-05-01 14:35:16 [warn]: MongoDB disconnected
2026-05-01 14:35:16 [error]: ❌  MongoDB connection failed: connect ECONNREFUSED ::1:27017, connect ECONNREFUSED 127.0.0.1:27017
2026-05-01 14:35:16 [warn]: ⚠️  Continuing in LIMITED MODE (Database operations will fail)
2026-05-01 14:35:16 [info]: 🚀  Server running on port 5000 [development]
2026-05-01 14:48:23 [warn]: MongoDB disconnected
2026-05-01 14:48:23 [error]: ❌  MongoDB connection failed: connect ECONNREFUSED ::1:27017, connect ECONNREFUSED 127.0.0.1:27017
2026-05-01 14:48:23 [warn]: ⚠️  Continuing in LIMITED MODE (Database operations will fail)
2026-05-01 14:48:23 [info]: 🚀  Server running on port 5000 [development]
2026-05-01 15:09:49 [warn]: MongoDB disconnected
2026-05-01 15:11:54 [warn]: MongoDB disconnected
2026-05-01 15:11:54 [error]: ❌  MongoDB connection failed: connect ECONNREFUSED ::1:27017, connect ECONNREFUSED 127.0.0.1:27017
2026-05-01 15:11:54 [warn]: ⚠️  Continuing in LIMITED MODE (Database operations will fail)
2026-05-01 15:11:54 [info]: 🚀  Server running on port 5000 [development]
2026-05-03 15:29:17 [warn]: MongoDB disconnected
2026-05-03 15:29:17 [error]: ❌  MongoDB connection failed: connect ECONNREFUSED ::1:27017, connect ECONNREFUSED 127.0.0.1:27017
2026-05-03 15:29:17 [warn]: ⚠️  Continuing in LIMITED MODE (Database operations will fail)
2026-05-03 15:29:17 [info]: 🚀  Server running on port 5000 [development]
2026-05-03 15:32:31 [error]: [POST] /api/auth/login → MongooseError: Operation `users.findOne()` buffering timed out after 10000ms
    at Timeout.<anonymous> (C:\Users\USER\Desktop\افكار مشاريع AI\Studen Managment\Study-system\backend\node_modules\mongoose\lib\drivers\node-mongodb-native\collection.js:187:23)
    at listOnTimeout (node:internal/timers:605:17)
    at process.processTimers (node:internal/timers:541:7)
2026-05-03 15:33:08 [error]: [POST] /api/auth/login → MongooseError: Operation `users.findOne()` buffering timed out after 10000ms
    at Timeout.<anonymous> (C:\Users\USER\Desktop\افكار مشاريع AI\Studen Managment\Study-system\backend\node_modules\mongoose\lib\drivers\node-mongodb-native\collection.js:187:23)
    at listOnTimeout (node:internal/timers:605:17)
    at process.processTimers (node:internal/timers:541:7)
2026-05-03 17:56:55 [warn]: MongoDB disconnected
2026-05-03 18:50:16 [warn]: MongoDB disconnected
2026-05-03 18:50:47 [warn]: MongoDB disconnected
2026-05-03 18:50:47 [error]: ❌  Local MongoDB connection failed: connect ECONNREFUSED ::1:27017, connect ECONNREFUSED 127.0.0.1:27017
2026-05-03 18:50:47 [info]: 💾  Starting MongoDB Memory Server as fallback...
2026-05-03 18:50:52 [info]: ✨  MongoDB Memory Server connected! (Data will be lost on restart)
2026-05-03 18:51:48 [warn]: MongoDB disconnected
2026-05-03 18:51:48 [error]: ❌  Local MongoDB connection failed: connect ECONNREFUSED ::1:27017, connect ECONNREFUSED 127.0.0.1:27017
2026-05-03 18:51:48 [info]: 💾  Starting MongoDB Memory Server as fallback...
2026-05-03 18:51:51 [info]: ✨  MongoDB Memory Server connected! (Data will be lost on restart)
2026-05-03 18:52:48 [warn]: MongoDB disconnected
2026-05-03 18:52:48 [error]: ❌  Local MongoDB connection failed: connect ECONNREFUSED ::1:27017, connect ECONNREFUSED 127.0.0.1:27017
2026-05-03 18:52:48 [info]: 💾  Starting MongoDB Memory Server as fallback...
2026-05-03 18:52:50 [info]: ✨  MongoDB Memory Server connected! (Data will be lost on restart)
2026-05-03 18:52:50 [info]: 🚀  Server running on port 5000 [development]
2026-05-03 18:53:29 [warn]: MongoDB disconnected
2026-05-03 18:53:29 [error]: ❌  Local MongoDB connection failed: connect ECONNREFUSED ::1:27017, connect ECONNREFUSED 127.0.0.1:27017
2026-05-03 18:53:29 [info]: 💾  Starting MongoDB Memory Server as fallback...
2026-05-03 18:53:32 [info]: ✨  MongoDB Memory Server connected! (Data will be lost on restart)
2026-05-03 18:53:32 [info]: 🚀  Server running on port 5000 [development]
2026-05-03 18:53:42 [warn]: MongoDB disconnected
2026-05-03 18:53:42 [error]: ❌  Local MongoDB connection failed: connect ECONNREFUSED ::1:27017, connect ECONNREFUSED 127.0.0.1:27017
2026-05-03 18:53:42 [info]: 💾  Starting MongoDB Memory Server as fallback...
2026-05-03 18:53:44 [info]: ✨  MongoDB Memory Server connected! (Data will be lost on restart)
2026-05-03 18:53:46 [info]: 👤  Default Admin (Tarek Baloush) created in memory.
2026-05-03 18:53:46 [info]: 🚀  Server running on port 5000 [development]
2026-05-04 12:57:55 [warn]: MongoDB disconnected
2026-05-04 12:57:55 [error]: ❌  Local MongoDB connection failed: connect ECONNREFUSED ::1:27017, connect ECONNREFUSED 127.0.0.1:27017
2026-05-04 12:57:55 [info]: 💾  Starting MongoDB Memory Server as fallback...
2026-05-04 12:58:04 [info]: ✨  MongoDB Memory Server connected! (Data will be lost on restart)
2026-05-04 12:58:07 [info]: 👤  Default Admin (Tarek Baloush) created in memory.
2026-05-04 12:58:07 [info]: 🚀  Server running on port 5000 [development]
2026-05-04 13:04:26 [warn]: MongoDB disconnected
2026-05-04 13:04:26 [error]: ❌  Local MongoDB connection failed: connect ECONNREFUSED ::1:27017, connect ECONNREFUSED 127.0.0.1:27017
2026-05-04 13:04:26 [info]: 💾  Starting MongoDB Memory Server as fallback...
2026-05-04 13:04:28 [info]: ✨  MongoDB Memory Server connected! (Data will be lost on restart)
2026-05-04 13:04:29 [info]: 👤  Default Admin (Tarek Baloush) created in memory.
2026-05-04 13:04:29 [info]: 🚀  Server running on port 5000 [development]
